0 info it worked if it ends with ok
1 verbose cli [ 'C:\\Program Files\\nodejs\\node.exe',
1 verbose cli   'C:\\Users\\Ofir\\AppData\\Roaming\\npm\\node_modules\\npm\\bin\\npm-cli.js',
1 verbose cli   'run',
1 verbose cli   'dev' ]
2 info using npm@3.8.7
3 info using node@v8.10.0
4 verbose run-script [ 'predev', 'dev', 'postdev' ]
5 info lifecycle salsa@1.0.0~predev: salsa@1.0.0
6 silly lifecycle salsa@1.0.0~predev: no script for predev, continuing
7 info lifecycle salsa@1.0.0~dev: salsa@1.0.0
8 verbose lifecycle salsa@1.0.0~dev: unsafe-perm in lifecycle true
9 verbose lifecycle salsa@1.0.0~dev: PATH: C:\Users\Ofir\AppData\Roaming\npm\node_modules\npm\bin\node-gyp-bin;C:\Users\Ofir\Documents\Salsa project\salsa\node_modules\.bin;C:\Program Files\nodejs;C:\Program Files (x86)\Lenovo\FusionEngine;C:\Windows\system32;C:\Windows;C:\Windows\System32\Wbem;C:\Windows\System32\WindowsPowerShell\v1.0\;C:\Program Files (x86)\Common Files\lenovo\easyplussdk\bin;C:\Program Files (x86)\NVIDIA Corporation\PhysX\Common;C:\Program Files\Intel\WiFi\bin\;C:\Program Files\Common Files\Intel\WirelessCommon\;C:\Users\Ofir\.dnx\bin;C:\Program Files\Microsoft DNX\Dnvm\;C:\Program Files (x86)\Windows Kits\8.1\Windows Performance Toolkit\;C:\WINDOWS\system32;C:\WINDOWS;C:\WINDOWS\System32\Wbem;C:\WINDOWS\System32\WindowsPowerShell\v1.0\;C:\Program Files\Microsoft SQL Server\120\Tools\Binn\;C:\Program Files\Git\cmd;C:\Program Files\Microsoft SQL Server\130\Tools\Binn\;C:\Program Files (x86)\Windows Live\Shared;C:\Program Files (x86)\Heroku\bin;C:\Program Files (x86)\git\cmd;C:\Program Files (x86)\Git\cmd;C:\Program Files\nodejs\;C:\Program Files\Genymobile\Genymotion\tools;C:\Users\Ofir\.dnx\runtimes\dnx-clr-win-x86.1.0.0-rc1-update1\bin;C:\Users\Ofir\.dnx\bin;C:\Users\Ofir\AppData\Local\atom\bin;C:\Users\Ofir\AppData\Local\Microsoft\WindowsApps;C:\Users\Ofir\AppData\Roaming\npm;C:\Program Files\Microsoft VS Code\bin
10 verbose lifecycle salsa@1.0.0~dev: CWD: C:\Users\Ofir\Documents\Salsa project\salsa
11 silly lifecycle salsa@1.0.0~dev: Args: [ '/d /s /c',
11 silly lifecycle   'webpack-dev-server --config ./webpack/webpack.dev.config.js' ]
12 silly lifecycle salsa@1.0.0~dev: Returned: code: 1  signal: null
13 info lifecycle salsa@1.0.0~dev: Failed to exec dev script
14 verbose stack Error: salsa@1.0.0 dev: `webpack-dev-server --config ./webpack/webpack.dev.config.js`
14 verbose stack Exit status 1
14 verbose stack     at EventEmitter.<anonymous> (C:\Users\Ofir\AppData\Roaming\npm\node_modules\npm\lib\utils\lifecycle.js:244:16)
14 verbose stack     at emitTwo (events.js:126:13)
14 verbose stack     at EventEmitter.emit (events.js:214:7)
14 verbose stack     at ChildProcess.<anonymous> (C:\Users\Ofir\AppData\Roaming\npm\node_modules\npm\lib\utils\spawn.js:24:14)
14 verbose stack     at emitTwo (events.js:126:13)
14 verbose stack     at ChildProcess.emit (events.js:214:7)
14 verbose stack     at maybeClose (internal/child_process.js:925:16)
14 verbose stack     at Process.ChildProcess._handle.onexit (internal/child_process.js:209:5)
15 verbose pkgid salsa@1.0.0
16 verbose cwd C:\Users\Ofir\Documents\Salsa project\salsa
17 error Windows_NT 10.0.16299
18 error argv "C:\\Program Files\\nodejs\\node.exe" "C:\\Users\\Ofir\\AppData\\Roaming\\npm\\node_modules\\npm\\bin\\npm-cli.js" "run" "dev"
19 error node v8.10.0
20 error npm  v3.8.7
21 error code ELIFECYCLE
22 error salsa@1.0.0 dev: `webpack-dev-server --config ./webpack/webpack.dev.config.js`
22 error Exit status 1
23 error Failed at the salsa@1.0.0 dev script 'webpack-dev-server --config ./webpack/webpack.dev.config.js'.
23 error Make sure you have the latest version of node.js and npm installed.
23 error If you do, this is most likely a problem with the salsa package,
23 error not with npm itself.
23 error Tell the author that this fails on your system:
23 error     webpack-dev-server --config ./webpack/webpack.dev.config.js
23 error You can get information on how to open an issue for this project with:
23 error     npm bugs salsa
23 error Or if that isn't available, you can get their info via:
23 error     npm owner ls salsa
23 error There is likely additional logging output above.
24 verbose exit [ 1, true ]
